<?xml version="1.0" encoding="UTF-8"?>
<testsuites>
  <testsuite name="fastlane.lanes">
    
    
    
      
      <testcase classname="fastlane.lanes" name="0: default_platform" time="0.041488">
        
      </testcase>
    
      
      <testcase classname="fastlane.lanes" name="1: gradle" time="1742.542192">
        
          <failure message="/Users/wilmot_p/.fastlane/bin/bundle/lib/ruby/gems/2.2.0/gems/fastlane-2.126.0/fastlane/lib/fastlane/actions/actions_helper.rb:48:in `execute_action'&#10;/Users/wilmot_p/.fastlane/bin/bundle/lib/ruby/gems/2.2.0/gems/fastlane-2.126.0/fastlane/lib/fastlane/runner.rb:235:in `block in execute_action'&#10;/Users/wilmot_p/.fastlane/bin/bundle/lib/ruby/gems/2.2.0/gems/fastlane-2.126.0/fastlane/lib/fastlane/runner.rb:227:in `chdir'&#10;/Users/wilmot_p/.fastlane/bin/bundle/lib/ruby/gems/2.2.0/gems/fastlane-2.126.0/fastlane/lib/fastlane/runner.rb:227:in `execute_action'&#10;/Users/wilmot_p/.fastlane/bin/bundle/lib/ruby/gems/2.2.0/gems/fastlane-2.126.0/fastlane/lib/fastlane/runner.rb:157:in `trigger_action_by_name'&#10;/Users/wilmot_p/.fastlane/bin/bundle/lib/ruby/gems/2.2.0/gems/fastlane-2.126.0/fastlane/lib/fastlane/fast_file.rb:154:in `method_missing'&#10;Fastfile:21:in `block (2 levels) in parsing_binding'&#10;/Users/wilmot_p/.fastlane/bin/bundle/lib/ruby/gems/2.2.0/gems/fastlane-2.126.0/fastlane/lib/fastlane/lane.rb:33:in `call'&#10;/Users/wilmot_p/.fastlane/bin/bundle/lib/ruby/gems/2.2.0/gems/fastlane-2.126.0/fastlane/lib/fastlane/lane.rb:33:in `call'&#10;/Users/wilmot_p/.fastlane/bin/bundle/lib/ruby/gems/2.2.0/gems/fastlane-2.126.0/fastlane/lib/fastlane/runner.rb:49:in `block in execute'&#10;/Users/wilmot_p/.fastlane/bin/bundle/lib/ruby/gems/2.2.0/gems/fastlane-2.126.0/fastlane/lib/fastlane/runner.rb:45:in `chdir'&#10;/Users/wilmot_p/.fastlane/bin/bundle/lib/ruby/gems/2.2.0/gems/fastlane-2.126.0/fastlane/lib/fastlane/runner.rb:45:in `execute'&#10;/Users/wilmot_p/.fastlane/bin/bundle/lib/ruby/gems/2.2.0/gems/fastlane-2.126.0/fastlane/lib/fastlane/lane_manager.rb:56:in `cruise_lane'&#10;/Users/wilmot_p/.fastlane/bin/bundle/lib/ruby/gems/2.2.0/gems/fastlane-2.126.0/fastlane/lib/fastlane/command_line_handler.rb:36:in `handle'&#10;/Users/wilmot_p/.fastlane/bin/bundle/lib/ruby/gems/2.2.0/gems/fastlane-2.126.0/fastlane/lib/fastlane/commands_generator.rb:108:in `block (2 levels) in run'&#10;/Users/wilmot_p/.fastlane/bin/bundle/lib/ruby/gems/2.2.0/gems/commander-fastlane-4.4.6/lib/commander/command.rb:178:in `call'&#10;/Users/wilmot_p/.fastlane/bin/bundle/lib/ruby/gems/2.2.0/gems/commander-fastlane-4.4.6/lib/commander/command.rb:178:in `call'&#10;/Users/wilmot_p/.fastlane/bin/bundle/lib/ruby/gems/2.2.0/gems/commander-fastlane-4.4.6/lib/commander/command.rb:153:in `run'&#10;/Users/wilmot_p/.fastlane/bin/bundle/lib/ruby/gems/2.2.0/gems/commander-fastlane-4.4.6/lib/commander/runner.rb:476:in `run_active_command'&#10;/Users/wilmot_p/.fastlane/bin/bundle/lib/ruby/gems/2.2.0/gems/fastlane-2.126.0/fastlane_core/lib/fastlane_core/ui/fastlane_runner.rb:76:in `run!'&#10;/Users/wilmot_p/.fastlane/bin/bundle/lib/ruby/gems/2.2.0/gems/commander-fastlane-4.4.6/lib/commander/delegates.rb:15:in `run!'&#10;/Users/wilmot_p/.fastlane/bin/bundle/lib/ruby/gems/2.2.0/gems/fastlane-2.126.0/fastlane/lib/fastlane/commands_generator.rb:333:in `run'&#10;/Users/wilmot_p/.fastlane/bin/bundle/lib/ruby/gems/2.2.0/gems/fastlane-2.126.0/fastlane/lib/fastlane/commands_generator.rb:41:in `start'&#10;/Users/wilmot_p/.fastlane/bin/bundle/lib/ruby/gems/2.2.0/gems/fastlane-2.126.0/fastlane/lib/fastlane/cli_tools_distributor.rb:119:in `take_off'&#10;/Users/wilmot_p/.fastlane/bin/bundle/lib/ruby/gems/2.2.0/gems/fastlane-2.126.0/bin/fastlane:23:in `&lt;top (required)&gt;'&#10;/Users/wilmot_p/.fastlane/bin/bundle/bin/fastlane:22:in `load'&#10;/Users/wilmot_p/.fastlane/bin/bundle/bin/fastlane:22:in `&lt;main&gt;'&#10;&#10;Exit status of command '/Users/wilmot_p/PROG/Cocos2d-x-CI/proj.android/gradlew test -p .' was 1 instead of 0.&#10;Downloading https://services.gradle.org/distributions/gradle-5.1.1-bin.zip&#10;.................................................................................&#10;&#10;Welcome to Gradle 5.1.1!&#10;&#10;Here are the highlights of this release:&#10; - Control which dependencies can be retrieved from which repositories&#10; - Production-ready configuration avoidance APIs&#10;&#10;For more details see https://docs.gradle.org/5.1.1/release-notes.html&#10;&#10;Starting a Gradle Daemon (subsequent builds will be faster)&#10;&#10;FAILURE: Build failed with an exception.&#10;&#10;* What went wrong:&#10;A problem occurred configuring root project 'proj.android'.&#10;&gt; Could not resolve all artifacts for configuration ':classpath'.&#10;   &gt; Could not find com.android.tools.build:gradle:5.4.1.&#10;     Searched in the following locations:&#10;       - https://dl.google.com/dl/android/maven2/com/android/tools/build/gradle/5.4.1/gradle-5.4.1.pom&#10;       - https://dl.google.com/dl/android/maven2/com/android/tools/build/gradle/5.4.1/gradle-5.4.1.jar&#10;       - https://jcenter.bintray.com/com/android/tools/build/gradle/5.4.1/gradle-5.4.1.pom&#10;       - https://jcenter.bintray.com/com/android/tools/build/gradle/5.4.1/gradle-5.4.1.jar&#10;     Required by:&#10;         project :&#10;&#10;* Try:&#10;Run with --stacktrace option to get the stack trace. Run with --info or --debug option to get more log output. Run with --scan to get full insights.&#10;&#10;* Get more help at https://help.gradle.org&#10;&#10;BUILD FAILED in 29m 1s&#10;" />
        
      </testcase>
    
  </testsuite>
</testsuites>
